0 info it worked if it ends with ok
1 verbose cli [ 'node', '/usr/local/bin/npm', 'install', 'angular-base64' ]
2 info using npm@1.4.28
3 info using node@v0.10.32
4 warn package.json gleaner@0.1.0 No description
5 warn package.json gleaner@0.1.0 No repository field.
6 warn package.json gleaner@0.1.0 No README data
7 verbose readDependencies using package.json deps
8 verbose cache add [ 'angular-base64', null ]
9 verbose cache add name=undefined spec="angular-base64" args=["angular-base64",null]
10 verbose parsed url { protocol: null,
10 verbose parsed url   slashes: null,
10 verbose parsed url   auth: null,
10 verbose parsed url   host: null,
10 verbose parsed url   port: null,
10 verbose parsed url   hostname: null,
10 verbose parsed url   hash: null,
10 verbose parsed url   search: null,
10 verbose parsed url   query: null,
10 verbose parsed url   pathname: 'angular-base64',
10 verbose parsed url   path: 'angular-base64',
10 verbose parsed url   href: 'angular-base64' }
11 silly lockFile 19f16584-angular-base64 angular-base64
12 verbose lock angular-base64 /Users/wgaggioli/.npm/19f16584-angular-base64.lock
13 silly lockFile 19f16584-angular-base64 angular-base64
14 silly lockFile 19f16584-angular-base64 angular-base64
15 verbose addNamed [ 'angular-base64', '' ]
16 verbose addNamed [ null, '*' ]
17 silly lockFile db4c9670-angular-base64 angular-base64@
18 verbose lock angular-base64@ /Users/wgaggioli/.npm/db4c9670-angular-base64.lock
19 silly addNameRange { name: 'angular-base64', range: '*', hasData: false }
20 verbose request where is /angular-base64
21 verbose request registry https://registry.npmjs.org/
22 verbose request id 39c67ce347935577
23 verbose url raw /angular-base64
24 verbose url resolving [ 'https://registry.npmjs.org/', './angular-base64' ]
25 verbose url resolved https://registry.npmjs.org/angular-base64
26 verbose request where is https://registry.npmjs.org/angular-base64
27 info trying registry request attempt 1 at 16:52:37
28 http GET https://registry.npmjs.org/angular-base64
29 http 200 https://registry.npmjs.org/angular-base64
30 silly registry.get cb [ 200,
30 silly registry.get   { server: 'nginx/1.10.1',
30 silly registry.get     'content-type': 'application/json',
30 silly registry.get     'last-modified': 'Mon, 18 May 2015 10:39:46 GMT',
30 silly registry.get     etag: 'W/"5559c172-f1c"',
30 silly registry.get     'content-encoding': 'gzip',
30 silly registry.get     'cache-control': 'max-age=300',
30 silly registry.get     'content-length': '1431',
30 silly registry.get     'accept-ranges': 'bytes',
30 silly registry.get     date: 'Sun, 19 Mar 2017 21:52:09 GMT',
30 silly registry.get     via: '1.1 varnish',
30 silly registry.get     age: '0',
30 silly registry.get     connection: 'keep-alive',
30 silly registry.get     'x-served-by': 'cache-ord1722-ORD',
30 silly registry.get     'x-cache': 'MISS',
30 silly registry.get     'x-cache-hits': '0',
30 silly registry.get     'x-timer': 'S1489960329.893578,VS0,VE19',
30 silly registry.get     vary: 'Accept-Encoding' } ]
31 silly addNameRange number 2 { name: 'angular-base64', range: '*', hasData: true }
32 silly addNameRange versions [ 'angular-base64', [ '2.0.5' ] ]
33 verbose addNamed [ 'angular-base64', '2.0.5' ]
34 verbose addNamed [ '2.0.5', '2.0.5' ]
35 silly lockFile 2e2b24e2-angular-base64-2-0-5 angular-base64@2.0.5
36 verbose lock angular-base64@2.0.5 /Users/wgaggioli/.npm/2e2b24e2-angular-base64-2-0-5.lock
37 silly lockFile 828d89b2--base64-angular-base64-2-0-5-tgz https://registry.npmjs.org/angular-base64/-/angular-base64-2.0.5.tgz
38 verbose lock https://registry.npmjs.org/angular-base64/-/angular-base64-2.0.5.tgz /Users/wgaggioli/.npm/828d89b2--base64-angular-base64-2-0-5-tgz.lock
39 verbose addRemoteTarball [ 'https://registry.npmjs.org/angular-base64/-/angular-base64-2.0.5.tgz',
39 verbose addRemoteTarball   '13255562ad1c8e8ca09b9c4b1f4ef966ac4cd093' ]
40 info retry fetch attempt 1 at 16:52:37
41 verbose fetch to= /var/folders/k8/p8ss_60j5g51xdj5h01wr34r0000gn/T/npm-2192-vDLlPzLD/registry.npmjs.org/angular-base64/-/angular-base64-2.0.5.tgz
42 http GET https://registry.npmjs.org/angular-base64/-/angular-base64-2.0.5.tgz
43 http 200 https://registry.npmjs.org/angular-base64/-/angular-base64-2.0.5.tgz
44 silly lockFile 828d89b2--base64-angular-base64-2-0-5-tgz https://registry.npmjs.org/angular-base64/-/angular-base64-2.0.5.tgz
45 silly lockFile 828d89b2--base64-angular-base64-2-0-5-tgz https://registry.npmjs.org/angular-base64/-/angular-base64-2.0.5.tgz
46 silly lockFile 2e2b24e2-angular-base64-2-0-5 angular-base64@2.0.5
47 silly lockFile 2e2b24e2-angular-base64-2-0-5 angular-base64@2.0.5
48 silly lockFile db4c9670-angular-base64 angular-base64@
49 silly lockFile db4c9670-angular-base64 angular-base64@
50 silly resolved [ { dependencies: { angular: '>= 1.0.8' },
50 silly resolved     devDependencies:
50 silly resolved      { grunt: '',
50 silly resolved        'grunt-cli': '',
50 silly resolved        'grunt-contrib-clean': '',
50 silly resolved        'grunt-contrib-copy': '',
50 silly resolved        'grunt-contrib-jshint': '',
50 silly resolved        'grunt-contrib-watch': '',
50 silly resolved        'grunt-contrib-concat': '',
50 silly resolved        'grunt-contrib-uglify': '',
50 silly resolved        'grunt-notify': '',
50 silly resolved        'grunt-strip': '',
50 silly resolved        'grunt-text-replace': '' },
50 silly resolved     name: 'angular-base64',
50 silly resolved     description: 'Base64 Conversion for AngularJS Apps',
50 silly resolved     version: '2.0.5',
50 silly resolved     main: 'angular-base64.js',
50 silly resolved     scripts: { test: 'echo "Error: no test specified" && exit 1' },
50 silly resolved     repository:
50 silly resolved      { type: 'git',
50 silly resolved        url: 'https://github.com/ninjatronic/angular-base64.git' },
50 silly resolved     author: { name: 'Pete Martin' },
50 silly resolved     license: 'MIT',
50 silly resolved     bugs: { url: 'https://github.com/ninjatronic/angular-base64/issues' },
50 silly resolved     homepage: 'https://github.com/ninjatronic/angular-base64',
50 silly resolved     gitHead: '6f5fef3d29f25a150f96a7f6f7abff57e2d8953a',
50 silly resolved     _id: 'angular-base64@2.0.5',
50 silly resolved     _shasum: '13255562ad1c8e8ca09b9c4b1f4ef966ac4cd093',
50 silly resolved     _from: 'angular-base64@',
50 silly resolved     _npmVersion: '2.5.1',
50 silly resolved     _nodeVersion: '0.12.0',
50 silly resolved     _npmUser: { name: 'ninjatronic', email: 'petemartinuk@gmail.com' },
50 silly resolved     maintainers: [ [Object] ],
50 silly resolved     dist:
50 silly resolved      { shasum: '13255562ad1c8e8ca09b9c4b1f4ef966ac4cd093',
50 silly resolved        tarball: 'https://registry.npmjs.org/angular-base64/-/angular-base64-2.0.5.tgz' },
50 silly resolved     directories: {},
50 silly resolved     _resolved: 'https://registry.npmjs.org/angular-base64/-/angular-base64-2.0.5.tgz' } ]
51 info install angular-base64@2.0.5 into /Users/wgaggioli/workspace/Gleaner/lib
52 info installOne angular-base64@2.0.5
53 verbose node_modules/angular-base64 unbuild
54 verbose tar unpack /Users/wgaggioli/.npm/angular-base64/2.0.5/package.tgz
55 silly lockFile 53dc914c--lib-node-modules-angular-base64 tar:///Users/wgaggioli/workspace/Gleaner/lib/node_modules/angular-base64
56 verbose lock tar:///Users/wgaggioli/workspace/Gleaner/lib/node_modules/angular-base64 /Users/wgaggioli/.npm/53dc914c--lib-node-modules-angular-base64.lock
57 silly lockFile 3a15095d-angular-base64-2-0-5-package-tgz tar:///Users/wgaggioli/.npm/angular-base64/2.0.5/package.tgz
58 verbose lock tar:///Users/wgaggioli/.npm/angular-base64/2.0.5/package.tgz /Users/wgaggioli/.npm/3a15095d-angular-base64-2-0-5-package-tgz.lock
59 silly gunzTarPerm modes [ '755', '644' ]
60 silly gunzTarPerm extractEntry package.json
61 silly gunzTarPerm extractEntry README.md
62 silly gunzTarPerm extractEntry LICENSE
63 silly gunzTarPerm extractEntry Gruntfile.js
64 silly gunzTarPerm extractEntry angular-base64.js
65 silly gunzTarPerm extractEntry angular-base64.min.js
66 silly gunzTarPerm extractEntry bower.json
67 silly lockFile 53dc914c--lib-node-modules-angular-base64 tar:///Users/wgaggioli/workspace/Gleaner/lib/node_modules/angular-base64
68 silly lockFile 53dc914c--lib-node-modules-angular-base64 tar:///Users/wgaggioli/workspace/Gleaner/lib/node_modules/angular-base64
69 silly lockFile 3a15095d-angular-base64-2-0-5-package-tgz tar:///Users/wgaggioli/.npm/angular-base64/2.0.5/package.tgz
70 silly lockFile 3a15095d-angular-base64-2-0-5-package-tgz tar:///Users/wgaggioli/.npm/angular-base64/2.0.5/package.tgz
71 info preinstall angular-base64@2.0.5
72 verbose readDependencies using package.json deps
73 verbose readDependencies using package.json deps
74 silly resolved []
75 verbose about to build /Users/wgaggioli/workspace/Gleaner/lib/node_modules/angular-base64
76 info build /Users/wgaggioli/workspace/Gleaner/lib/node_modules/angular-base64
77 verbose linkStuff [ false,
77 verbose linkStuff   false,
77 verbose linkStuff   false,
77 verbose linkStuff   '/Users/wgaggioli/workspace/Gleaner/lib/node_modules' ]
78 info linkStuff angular-base64@2.0.5
79 verbose linkBins angular-base64@2.0.5
80 verbose linkMans angular-base64@2.0.5
81 verbose rebuildBundles angular-base64@2.0.5
82 info install angular-base64@2.0.5
83 info postinstall angular-base64@2.0.5
84 error peerinvalid The package grunt does not satisfy its siblings' peerDependencies requirements!
84 error peerinvalid Peer grunt-contrib-sass@0.9.2 wants grunt@>=0.4.0
84 error peerinvalid Peer grunt-contrib-watch@0.6.1 wants grunt@~0.4.0
84 error peerinvalid Peer grunt-contrib-jshint@0.11.3 wants grunt@>=0.4.0
84 error peerinvalid Peer grunt-contrib-uglify@0.5.1 wants grunt@~0.4.0
84 error peerinvalid Peer grunt-contrib-nodeunit@0.4.1 wants grunt@~0.4.0
85 error System Darwin 13.4.0
86 error command "node" "/usr/local/bin/npm" "install" "angular-base64"
87 error cwd /Users/wgaggioli/workspace/Gleaner/lib
88 error node -v v0.10.32
89 error npm -v 1.4.28
90 error code EPEERINVALID
91 verbose exit [ 1, true ]
