0 info it worked if it ends with ok
1 verbose cli [ 'node', '/usr/local/bin/npm', 'install', '-g', 'firebase-tools' ]
2 info using npm@1.4.28
3 info using node@v0.10.32
4 verbose cache add [ 'firebase-tools', null ]
5 verbose cache add name=undefined spec="firebase-tools" args=["firebase-tools",null]
6 verbose parsed url { protocol: null,
6 verbose parsed url   slashes: null,
6 verbose parsed url   auth: null,
6 verbose parsed url   host: null,
6 verbose parsed url   port: null,
6 verbose parsed url   hostname: null,
6 verbose parsed url   hash: null,
6 verbose parsed url   search: null,
6 verbose parsed url   query: null,
6 verbose parsed url   pathname: 'firebase-tools',
6 verbose parsed url   path: 'firebase-tools',
6 verbose parsed url   href: 'firebase-tools' }
7 silly lockFile 3fa4b23e-firebase-tools firebase-tools
8 verbose lock firebase-tools /Users/wgaggioli/.npm/3fa4b23e-firebase-tools.lock
9 silly lockFile 3fa4b23e-firebase-tools firebase-tools
10 silly lockFile 3fa4b23e-firebase-tools firebase-tools
11 verbose addNamed [ 'firebase-tools', '' ]
12 verbose addNamed [ null, '*' ]
13 silly lockFile 59c4bcc4-firebase-tools firebase-tools@
14 verbose lock firebase-tools@ /Users/wgaggioli/.npm/59c4bcc4-firebase-tools.lock
15 silly addNameRange { name: 'firebase-tools', range: '*', hasData: false }
16 verbose request where is /firebase-tools
17 verbose request registry https://registry.npmjs.org/
18 verbose request id 0e9e673fc0acc9e6
19 verbose url raw /firebase-tools
20 verbose url resolving [ 'https://registry.npmjs.org/', './firebase-tools' ]
21 verbose url resolved https://registry.npmjs.org/firebase-tools
22 verbose request where is https://registry.npmjs.org/firebase-tools
23 info trying registry request attempt 1 at 13:36:35
24 http GET https://registry.npmjs.org/firebase-tools
25 http 200 https://registry.npmjs.org/firebase-tools
26 silly registry.get cb [ 200,
26 silly registry.get   { server: 'nginx/1.10.1',
26 silly registry.get     'content-type': 'application/json',
26 silly registry.get     'last-modified': 'Thu, 15 Jun 2017 06:44:11 GMT',
26 silly registry.get     etag: 'W/"59422cbb-1d08e"',
26 silly registry.get     'content-encoding': 'gzip',
26 silly registry.get     'cache-control': 'max-age=300',
26 silly registry.get     'content-length': '10749',
26 silly registry.get     'accept-ranges': 'bytes',
26 silly registry.get     date: 'Fri, 16 Jun 2017 18:33:12 GMT',
26 silly registry.get     via: '1.1 varnish',
26 silly registry.get     age: '183',
26 silly registry.get     connection: 'keep-alive',
26 silly registry.get     'x-served-by': 'cache-ord1729-ORD',
26 silly registry.get     'x-cache': 'HIT',
26 silly registry.get     'x-cache-hits': '1',
26 silly registry.get     'x-timer': 'S1497637993.614871,VS0,VE1',
26 silly registry.get     vary: 'Accept-Encoding' } ]
27 silly addNameRange number 2 { name: 'firebase-tools', range: '*', hasData: true }
28 silly addNameRange versions [ 'firebase-tools',
28 silly addNameRange   [ '0.0.1',
28 silly addNameRange     '0.0.2',
28 silly addNameRange     '0.0.3',
28 silly addNameRange     '0.0.4',
28 silly addNameRange     '0.0.5',
28 silly addNameRange     '0.0.6',
28 silly addNameRange     '0.1.0',
28 silly addNameRange     '0.1.1',
28 silly addNameRange     '0.1.2',
28 silly addNameRange     '0.1.3',
28 silly addNameRange     '0.1.4',
28 silly addNameRange     '0.1.5',
28 silly addNameRange     '0.1.6',
28 silly addNameRange     '0.2.0',
28 silly addNameRange     '0.3.0',
28 silly addNameRange     '0.4.0',
28 silly addNameRange     '0.5.0',
28 silly addNameRange     '1.0.0',
28 silly addNameRange     '1.0.1',
28 silly addNameRange     '1.0.2',
28 silly addNameRange     '1.0.3',
28 silly addNameRange     '1.0.4',
28 silly addNameRange     '1.0.5',
28 silly addNameRange     '1.0.6',
28 silly addNameRange     '1.1.0',
28 silly addNameRange     '1.1.1',
28 silly addNameRange     '1.1.2',
28 silly addNameRange     '1.1.3',
28 silly addNameRange     '1.1.4',
28 silly addNameRange     '1.1.5',
28 silly addNameRange     '1.1.6',
28 silly addNameRange     '1.2.0',
28 silly addNameRange     '2.0.0',
28 silly addNameRange     '2.0.1',
28 silly addNameRange     '2.0.2',
28 silly addNameRange     '2.1.0',
28 silly addNameRange     '2.1.1',
28 silly addNameRange     '2.2.0',
28 silly addNameRange     '2.2.1',
28 silly addNameRange     '3.0.0',
28 silly addNameRange     '3.0.1',
28 silly addNameRange     '3.0.2',
28 silly addNameRange     '3.0.3',
28 silly addNameRange     '3.0.4',
28 silly addNameRange     '3.0.5',
28 silly addNameRange     '3.0.6',
28 silly addNameRange     '3.0.7',
28 silly addNameRange     '3.0.8',
28 silly addNameRange     '3.1.0',
28 silly addNameRange     '3.2.0',
28 silly addNameRange     '3.2.1',
28 silly addNameRange     '3.2.2',
28 silly addNameRange     '3.2.3',
28 silly addNameRange     '3.3.0',
28 silly addNameRange     '3.4.0',
28 silly addNameRange     '3.5.0',
28 silly addNameRange     '3.6.0',
28 silly addNameRange     '3.6.1',
28 silly addNameRange     '3.7.0',
28 silly addNameRange     '3.8.0',
28 silly addNameRange     '3.9.0',
28 silly addNameRange     '3.9.1' ] ]
29 verbose addNamed [ 'firebase-tools', '3.9.1' ]
30 verbose addNamed [ '3.9.1', '3.9.1' ]
31 silly lockFile 2864f453-firebase-tools-3-9-1 firebase-tools@3.9.1
32 verbose lock firebase-tools@3.9.1 /Users/wgaggioli/.npm/2864f453-firebase-tools-3-9-1.lock
33 silly lockFile 6af5b785-e-tools-firebase-tools-3-9-1-tgz https://registry.npmjs.org/firebase-tools/-/firebase-tools-3.9.1.tgz
34 verbose lock https://registry.npmjs.org/firebase-tools/-/firebase-tools-3.9.1.tgz /Users/wgaggioli/.npm/6af5b785-e-tools-firebase-tools-3-9-1-tgz.lock
35 verbose addRemoteTarball [ 'https://registry.npmjs.org/firebase-tools/-/firebase-tools-3.9.1.tgz',
35 verbose addRemoteTarball   'b62be2b456418a57bf1a8cf8b01a6b8f78f6c1b0' ]
36 info retry fetch attempt 1 at 13:36:36
37 verbose fetch to= /var/folders/k8/p8ss_60j5g51xdj5h01wr34r0000gn/T/npm-56002-tFJ5tzMu/registry.npmjs.org/firebase-tools/-/firebase-tools-3.9.1.tgz
38 http GET https://registry.npmjs.org/firebase-tools/-/firebase-tools-3.9.1.tgz
39 http 200 https://registry.npmjs.org/firebase-tools/-/firebase-tools-3.9.1.tgz
40 silly lockFile 6af5b785-e-tools-firebase-tools-3-9-1-tgz https://registry.npmjs.org/firebase-tools/-/firebase-tools-3.9.1.tgz
41 silly lockFile 6af5b785-e-tools-firebase-tools-3-9-1-tgz https://registry.npmjs.org/firebase-tools/-/firebase-tools-3.9.1.tgz
42 silly lockFile 2864f453-firebase-tools-3-9-1 firebase-tools@3.9.1
43 silly lockFile 2864f453-firebase-tools-3-9-1 firebase-tools@3.9.1
44 silly lockFile 59c4bcc4-firebase-tools firebase-tools@
45 silly lockFile 59c4bcc4-firebase-tools firebase-tools@
46 silly resolved [ { name: 'firebase-tools',
46 silly resolved     version: '3.9.1',
46 silly resolved     description: 'Command-Line Interface for Firebase',
46 silly resolved     main: 'index.js',
46 silly resolved     bin: { firebase: './bin/firebase' },
46 silly resolved     scripts: { test: 'gulp' },
46 silly resolved     repository:
46 silly resolved      { type: 'git',
46 silly resolved        url: 'git+https://github.com/firebase/firebase-tools.git' },
46 silly resolved     keywords:
46 silly resolved      [ 'cdn',
46 silly resolved        'cli',
46 silly resolved        'ssl',
46 silly resolved        'cloud',
46 silly resolved        'hosting',
46 silly resolved        'firebase',
46 silly resolved        'realtime',
46 silly resolved        'websockets',
46 silly resolved        'synchronization' ],
46 silly resolved     preferGlobal: true,
46 silly resolved     engines: { node: '>=0.10.0 <8.0.0' },
46 silly resolved     engineStrict: true,
46 silly resolved     author: { name: 'Firebase', url: 'https://firebase.google.com/' },
46 silly resolved     license: 'MIT',
46 silly resolved     bugs: { url: 'https://github.com/firebase/firebase-tools/issues' },
46 silly resolved     files: [ 'bin/**', 'lib/**', 'commands/**', 'templates/**', 'index.js' ],
46 silly resolved     homepage: 'https://github.com/firebase/firebase-tools',
46 silly resolved     dependencies:
46 silly resolved      { JSONStream: '^1.2.1',
46 silly resolved        archiver: '^0.16.0',
46 silly resolved        chalk: '^1.1.0',
46 silly resolved        cjson: '^0.3.1',
46 silly resolved        'cli-table': '^0.3.1',
46 silly resolved        commander: '^2.8.1',
46 silly resolved        configstore: '^1.2.0',
46 silly resolved        'cross-spawn': '^4.0.0',
46 silly resolved        'csv-streamify': '^3.0.4',
46 silly resolved        didyoumean: '^1.2.1',
46 silly resolved        'es6-set': '^0.1.4',
46 silly resolved        'exit-code': '^1.0.2',
46 silly resolved        filesize: '^3.1.3',
46 silly resolved        firebase: '2.x.x',
46 silly resolved        'fs-extra': '^0.23.1',
46 silly resolved        'fstream-ignore': '^1.0.2',
46 silly resolved        inquirer: '^0.12.0',
46 silly resolved        jsonschema: '^1.0.2',
46 silly resolved        jsonwebtoken: '^5.4.0',
46 silly resolved        lodash: '^4.6.1',
46 silly resolved        open: '^0.0.5',
46 silly resolved        ora: '0.2.3',
46 silly resolved        portfinder: '^0.4.0',
46 silly resolved        progress: '^1.1.8',
46 silly resolved        request: '^2.58.0',
46 silly resolved        rsvp: '^3.0.18',
46 silly resolved        semver: '^5.0.3',
46 silly resolved        superstatic: '^4.1',
46 silly resolved        tar: '^2.2.0',
46 silly resolved        tmp: '0.0.27',
46 silly resolved        'universal-analytics': '^0.3.9',
46 silly resolved        'update-notifier': '^0.5.0',
46 silly resolved        'user-home': '^2.0.0',
46 silly resolved        uuid: '^3.0.0',
46 silly resolved        winston: '^1.0.1',
46 silly resolved        '@google-cloud/functions-emulator': '^1.0.0-alpha.19' },
46 silly resolved     devDependencies:
46 silly resolved      { chai: '^3.0.0',
46 silly resolved        'chai-as-promised': '^5.1.0',
46 silly resolved        coveralls: '2.11.2',
46 silly resolved        eslint: '^1.4.1',
46 silly resolved        gulp: '^3.9.0',
46 silly resolved        'gulp-eslint': '^1.0.0',
46 silly resolved        'gulp-exit': '0.0.2',
46 silly resolved        'gulp-istanbul': '^0.10.0',
46 silly resolved        'gulp-mocha': '^2.1.2',
46 silly resolved        'jshint-stylish': '^2.0.1',
46 silly resolved        nock: '^2.10.0',
46 silly resolved        sinon: '^1.17.4',
46 silly resolved        'sinon-as-promised': '^4.0.0',
46 silly resolved        'sinon-chai': '^2.8.0' },
46 silly resolved     optionalDependencies: { '@google-cloud/functions-emulator': '^1.0.0-alpha.19' },
46 silly resolved     gitHead: '6685fe4fd4887a8d5b535374a3cad497080f2561',
46 silly resolved     _id: 'firebase-tools@3.9.1',
46 silly resolved     _shasum: 'b62be2b456418a57bf1a8cf8b01a6b8f78f6c1b0',
46 silly resolved     _from: 'firebase-tools@',
46 silly resolved     _npmVersion: '3.10.8',
46 silly resolved     _nodeVersion: '6.9.1',
46 silly resolved     _npmUser: { name: 'firebase', email: 'operations+plainlogo@firebase.com' },
46 silly resolved     dist:
46 silly resolved      { shasum: 'b62be2b456418a57bf1a8cf8b01a6b8f78f6c1b0',
46 silly resolved        tarball: 'https://registry.npmjs.org/firebase-tools/-/firebase-tools-3.9.1.tgz' },
46 silly resolved     maintainers: [ [Object] ],
46 silly resolved     _npmOperationalInternal:
46 silly resolved      { host: 's3://npm-registry-packages',
46 silly resolved        tmp: 'tmp/firebase-tools-3.9.1.tgz_1496361386679_0.5097492451313883' },
46 silly resolved     directories: {},
46 silly resolved     _resolved: 'https://registry.npmjs.org/firebase-tools/-/firebase-tools-3.9.1.tgz' } ]
47 info install firebase-tools@3.9.1 into /usr/local/lib
48 info installOne firebase-tools@3.9.1
49 verbose lib/node_modules/firebase-tools unbuild
50 verbose tar unpack /Users/wgaggioli/.npm/firebase-tools/3.9.1/package.tgz
51 silly lockFile 7e3d5d18--lib-node-modules-firebase-tools tar:///usr/local/lib/node_modules/firebase-tools
52 verbose lock tar:///usr/local/lib/node_modules/firebase-tools /Users/wgaggioli/.npm/7e3d5d18--lib-node-modules-firebase-tools.lock
53 silly lockFile 39bcfe4a-firebase-tools-3-9-1-package-tgz tar:///Users/wgaggioli/.npm/firebase-tools/3.9.1/package.tgz
54 verbose lock tar:///Users/wgaggioli/.npm/firebase-tools/3.9.1/package.tgz /Users/wgaggioli/.npm/39bcfe4a-firebase-tools-3-9-1-package-tgz.lock
55 silly gunzTarPerm modes [ '755', '644' ]
56 error Error: EACCES, mkdir '/usr/local/lib/node_modules/firebase-tools'
56 error  { [Error: EACCES, mkdir '/usr/local/lib/node_modules/firebase-tools']
56 error   errno: 3,
56 error   code: 'EACCES',
56 error   path: '/usr/local/lib/node_modules/firebase-tools',
56 error   fstream_type: 'Directory',
56 error   fstream_path: '/usr/local/lib/node_modules/firebase-tools',
56 error   fstream_class: 'DirWriter',
56 error   fstream_stack:
56 error    [ '/usr/local/lib/node_modules/npm/node_modules/fstream/lib/dir-writer.js:36:23',
56 error      '/usr/local/lib/node_modules/npm/node_modules/mkdirp/index.js:46:53',
56 error      'Object.oncomplete (fs.js:107:15)' ] }
57 error Please try running this command again as root/Administrator.
58 error System Darwin 16.6.0
59 error command "node" "/usr/local/bin/npm" "install" "-g" "firebase-tools"
60 error cwd /Users/wgaggioli/workspace/FrontEnd/Green-Gleaner/lib
61 error node -v v0.10.32
62 error npm -v 1.4.28
63 error path /usr/local/lib/node_modules/firebase-tools
64 error fstream_path /usr/local/lib/node_modules/firebase-tools
65 error fstream_type Directory
66 error fstream_class DirWriter
67 error code EACCES
68 error errno 3
69 error stack Error: EACCES, mkdir '/usr/local/lib/node_modules/firebase-tools'
70 error fstream_stack /usr/local/lib/node_modules/npm/node_modules/fstream/lib/dir-writer.js:36:23
70 error fstream_stack /usr/local/lib/node_modules/npm/node_modules/mkdirp/index.js:46:53
70 error fstream_stack Object.oncomplete (fs.js:107:15)
71 verbose exit [ 3, true ]
